<?xml version="1.0" encoding="UTF-8"?>
<!-- Generated by org.testng.reporters.JUnitXMLReporter -->
<testsuite hostname="DESKTOP-QKU1NGD" ignored="0" name="Test" tests="3" failures="1" timestamp="2021-07-15T18:08:35 IST" time="59.807" errors="0">
  <testcase name="verifyHomeFunctionality" time="7.896" classname="org.practicetests.LoginPageTests">
    <failure type="java.lang.AssertionError" message="expected [Log in to Rahul Shetty Academy123] but found [Log in to Rahul Shetty Academy]">
      <![CDATA[java.lang.AssertionError: expected [Log in to Rahul Shetty Academy123] but found [Log in to Rahul Shetty Academy]
at org.practicetests.LoginPageTests.verifyHomeFunctionality(LoginPageTests.java:33)
at java.util.ArrayList.forEach(ArrayList.java:1259)
... Removed 33 stack frames]]>
    </failure>
  </testcase> <!-- verifyHomeFunctionality -->
  <testcase name="verifyHomeFunctionality" time="12.358" classname="org.practicetests.HomePageTests"/>
  <testcase name="verifyHomeFunctionality" time="0.744" classname="org.practicetests.PracticePageTests"/>
</testsuite> <!-- Test -->
