<?xml version="1.0" encoding="UTF-8"?>
<!-- Generated by org.testng.reporters.JUnitXMLReporter -->
<testsuite hostname="DESKTOP-QKU1NGD" ignored="0" name="Test" tests="3" failures="0" timestamp="2021-07-14T22:55:35 IST" time="57.169" errors="0">
  <testcase name="verifyHomeFunctionality" time="7.462" classname="org.practicetests.LoginPageTests"/>
  <testcase name="verifyHomeFunctionality" time="7.77" classname="org.practicetests.HomePageTests"/>
  <testcase name="verifyHomeFunctionality" time="0.814" classname="org.practicetests.PracticePageTests"/>
</testsuite> <!-- Test -->
