<?xml version="1.0" encoding="UTF-8"?>
<!-- Generated by org.testng.reporters.JUnitXMLReporter -->
<testsuite hostname="DESKTOP-QKU1NGD" ignored="0" name="Test" tests="3" failures="1" timestamp="15 Jul 2021 12:40:53 GMT" time="56.337" errors="0">
  <testcase name="verifyHomeFunctionality" time="7.932" classname="org.practicetests.LoginPageTests">
    <failure type="java.lang.AssertionError" message="expected [Log in to Rahul Shetty Academy123] but found [Log in to Rahul Shetty Academy]">
      <![CDATA[java.lang.AssertionError: expected [Log in to Rahul Shetty Academy123] but found [Log in to Rahul Shetty Academy]
at org.practicetests.LoginPageTests.verifyHomeFunctionality(LoginPageTests.java:34)
... Removed 34 stack frames]]>
    </failure>
  </testcase> <!-- verifyHomeFunctionality -->
  <testcase name="verifyHomeFunctionality" time="7.828" classname="org.practicetests.HomePageTests"/>
  <testcase name="verifyHomeFunctionality" time="1.218" classname="org.practicetests.PracticePageTests"/>
</testsuite> <!-- Test -->
