<?xml version="1.0" encoding="UTF-8"?>
<!-- Generated by org.testng.reporters.JUnitXMLReporter -->
<testsuite hostname="DESKTOP-QKU1NGD" ignored="0" name="Test" tests="3" failures="1" timestamp="15 Jul 2021 09:18:31 GMT" time="58.082" errors="0">
  <testcase name="verifyHomeFunctionality" time="9.137" classname="org.practicetests.LoginPageTests">
    <failure type="java.lang.AssertionError" message="expected [Log in to Rahul Shetty Academy123] but found [Log in to Rahul Shetty Academy]">
      <![CDATA[java.lang.AssertionError: expected [Log in to Rahul Shetty Academy123] but found [Log in to Rahul Shetty Academy]
at org.practicetests.LoginPageTests.verifyHomeFunctionality(LoginPageTests.java:33)
... Removed 34 stack frames]]>
    </failure>
  </testcase> <!-- verifyHomeFunctionality -->
  <testcase name="verifyHomeFunctionality" time="9.236" classname="org.practicetests.HomePageTests"/>
  <testcase name="verifyHomeFunctionality" time="0.73" classname="org.practicetests.PracticePageTests"/>
</testsuite> <!-- Test -->
