-------------------------------------------------------------------------------
Test set: TestSuite
-------------------------------------------------------------------------------
Tests run: 3, Failures: 1, Errors: 0, Skipped: 0, Time elapsed: 60.642 sec <<< FAILURE! - in TestSuite
verifyHomeFunctionality(org.practicetests.LoginPageTests)  Time elapsed: 9.147 sec  <<< FAILURE!
java.lang.AssertionError: expected [Log in to Rahul Shetty Academy123] but found [Log in to Rahul Shetty Academy]
	at org.practicetests.LoginPageTests.verifyHomeFunctionality(LoginPageTests.java:33)

