<?xml version="1.0" encoding="UTF-8"?>
<testng-results skipped="0" failed="0" ignored="0" total="3" passed="3">
  <reporter-output>
  </reporter-output>
  <suite name="Suite" duration-ms="53628" started-at="2021-07-14T17:54:27Z" finished-at="2021-07-14T17:55:21Z">
    <groups>
    </groups>
    <test name="Test" duration-ms="53628" started-at="2021-07-14T17:54:27Z" finished-at="2021-07-14T17:55:21Z">
      <class name="org.practicetests.LoginPageTests">
        <test-method status="PASS" signature="setup()[pri:0, instance:org.practicetests.LoginPageTests@3c87521]" name="setup" is-config="true" duration-ms="11703" started-at="2021-07-14T17:54:27Z" finished-at="2021-07-14T17:54:39Z">
          <reporter-output>
          </reporter-output>
        </test-method> <!-- setup -->
        <test-method status="PASS" signature="verifyHomeFunctionality()[pri:0, instance:org.practicetests.LoginPageTests@3c87521]" name="verifyHomeFunctionality" duration-ms="7912" started-at="2021-07-14T17:54:39Z" finished-at="2021-07-14T17:54:47Z">
          <reporter-output>
          </reporter-output>
        </test-method> <!-- verifyHomeFunctionality -->
        <test-method status="PASS" signature="tearDown()[pri:0, instance:org.practicetests.LoginPageTests@3c87521]" name="tearDown" is-config="true" duration-ms="823" started-at="2021-07-14T17:54:47Z" finished-at="2021-07-14T17:54:48Z">
          <reporter-output>
          </reporter-output>
        </test-method> <!-- tearDown -->
      </class> <!-- org.practicetests.LoginPageTests -->
      <class name="org.practicetests.HomePageTests">
        <test-method status="PASS" signature="setup()[pri:0, instance:org.practicetests.HomePageTests@2aece37d]" name="setup" is-config="true" duration-ms="12216" started-at="2021-07-14T17:54:48Z" finished-at="2021-07-14T17:55:00Z">
          <reporter-output>
          </reporter-output>
        </test-method> <!-- setup -->
        <test-method status="PASS" signature="verifyHomeFunctionality()[pri:0, instance:org.practicetests.HomePageTests@2aece37d]" name="verifyHomeFunctionality" duration-ms="7259" started-at="2021-07-14T17:55:00Z" finished-at="2021-07-14T17:55:07Z">
          <reporter-output>
          </reporter-output>
        </test-method> <!-- verifyHomeFunctionality -->
        <test-method status="PASS" signature="tearDown()[pri:0, instance:org.practicetests.HomePageTests@2aece37d]" name="tearDown" is-config="true" duration-ms="934" started-at="2021-07-14T17:55:07Z" finished-at="2021-07-14T17:55:08Z">
          <reporter-output>
          </reporter-output>
        </test-method> <!-- tearDown -->
      </class> <!-- org.practicetests.HomePageTests -->
      <class name="org.practicetests.PracticePageTests">
        <test-method status="PASS" signature="setup()[pri:0, instance:org.practicetests.PracticePageTests@548a102f]" name="setup" is-config="true" duration-ms="10872" started-at="2021-07-14T17:55:08Z" finished-at="2021-07-14T17:55:19Z">
          <reporter-output>
          </reporter-output>
        </test-method> <!-- setup -->
        <test-method status="PASS" signature="verifyHomeFunctionality()[pri:0, instance:org.practicetests.PracticePageTests@548a102f]" name="verifyHomeFunctionality" duration-ms="1061" started-at="2021-07-14T17:55:19Z" finished-at="2021-07-14T17:55:20Z">
          <reporter-output>
          </reporter-output>
        </test-method> <!-- verifyHomeFunctionality -->
        <test-method status="PASS" signature="tearDown()[pri:0, instance:org.practicetests.PracticePageTests@548a102f]" name="tearDown" is-config="true" duration-ms="808" started-at="2021-07-14T17:55:20Z" finished-at="2021-07-14T17:55:21Z">
          <reporter-output>
          </reporter-output>
        </test-method> <!-- tearDown -->
      </class> <!-- org.practicetests.PracticePageTests -->
    </test> <!-- Test -->
  </suite> <!-- Suite -->
</testng-results>
