<?xml version="1.0" encoding="UTF-8"?>
<testng-results skipped="0" failed="0" ignored="0" total="1" passed="1">
  <reporter-output>
  </reporter-output>
  <suite name="Default suite" duration-ms="18482" started-at="2021-07-15T20:01:50 IST" finished-at="2021-07-15T20:02:08 IST">
    <groups>
    </groups>
    <test name="Default test" duration-ms="18482" started-at="2021-07-15T20:01:50 IST" finished-at="2021-07-15T20:02:08 IST">
      <class name="org.practicetests.HomePageTests">
        <test-method status="PASS" signature="setup()[pri:0, instance:org.practicetests.HomePageTests@480bdb19]" name="setup" is-config="true" duration-ms="10305" started-at="2021-07-15T20:01:50 IST" finished-at="2021-07-15T20:02:00 IST">
          <reporter-output>
          </reporter-output>
        </test-method> <!-- setup -->
        <test-method status="PASS" signature="verifyHomeFunctionality()[pri:0, instance:org.practicetests.HomePageTests@480bdb19]" name="verifyHomeFunctionality" duration-ms="7338" started-at="2021-07-15T20:02:00 IST" finished-at="2021-07-15T20:02:08 IST">
          <reporter-output>
          </reporter-output>
        </test-method> <!-- verifyHomeFunctionality -->
        <test-method status="PASS" signature="tearDown()[pri:0, instance:org.practicetests.HomePageTests@480bdb19]" name="tearDown" is-config="true" duration-ms="790" started-at="2021-07-15T20:02:08 IST" finished-at="2021-07-15T20:02:08 IST">
          <reporter-output>
          </reporter-output>
        </test-method> <!-- tearDown -->
      </class> <!-- org.practicetests.HomePageTests -->
    </test> <!-- Default test -->
  </suite> <!-- Default suite -->
</testng-results>
